Build started 29/03/2017 19:24:57.
     1>Project "C:\Users\Jordan Coyle\Documents\GitHub\GP3\GP3coursework\GP3coursework\GP3coursework.vcxproj" on node 2 (Build target(s)).
     1>Link:
         C:\Program Files (x86)\Microsoft Visual Studio 12.0\VC\bin\link.exe /ERRORREPORT:PROMPT /OUT:"C:\Users\Jordan Coyle\Documents\GitHub\GP3\GP3coursework\Debug\GP3coursework.exe" /INCREMENTAL /NOLOGO kernel32.lib user32.lib gdi32.lib winspool.lib comdlg32.lib advapi32.lib shell32.lib ole32.lib oleaut32.lib uuid.lib odbc32.lib odbccp32.lib /MANIFEST /MANIFESTUAC:"level='asInvoker' uiAccess='false'" /manifest:embed /DEBUG /PDB:"C:\Users\Jordan Coyle\Documents\GitHub\GP3\GP3coursework\Debug\GP3coursework.pdb" /TLBID:1 /DYNAMICBASE /NXCOMPAT /IMPLIB:"C:\Users\Jordan Coyle\Documents\GitHub\GP3\GP3coursework\Debug\GP3coursework.lib" /MACHINE:X86 Libraries\DevIL.lib
         Libraries\freeglut.lib
         Libraries\ftgl.lib
         Libraries\ILU.lib
     1>LINK : warning LNK4001: no object files specified; libraries used
     1>LINK : fatal error LNK1561: entry point must be defined
     1>Done Building Project "C:\Users\Jordan Coyle\Documents\GitHub\GP3\GP3coursework\GP3coursework\GP3coursework.vcxproj" (Build target(s)) -- FAILED.

Build FAILED.

Time Elapsed 00:00:00.08
